Jul-08 13:33:18.735 [main] DEBUG nextflow.cli.Launcher - $> nextflow run poppunk_subsample_snp.nf -profile dgx_a100 --input /home/cdcadmin/Downloads/bp_contextual_samples/ --resultsDir /home/cdcadmin/Downloads/bp_contextual_samples/poppunk_results --use_all_samples true --poppunk_model_type dbscan
Jul-08 13:33:18.853 [main] DEBUG nextflow.cli.CmdRun - N E X T F L O W  ~  version 24.04.3
Jul-08 13:33:18.871 [main] DEBUG nextflow.plugin.PluginsFacade - Setting up plugin manager > mode=prod; embedded=false; plugins-dir=/home/cdcadmin/.nextflow/plugins; core-plugins: nf-amazon@2.5.2,nf-azure@1.6.0,nf-cloudcache@0.4.1,nf-codecommit@0.2.0,nf-console@1.1.3,nf-ga4gh@1.3.0,nf-google@1.13.2-patch1,nf-tower@1.9.1,nf-wave@1.4.2
Jul-08 13:33:18.881 [main] INFO  o.pf4j.DefaultPluginStatusProvider - Enabled plugins: []
Jul-08 13:33:18.882 [main] INFO  o.pf4j.DefaultPluginStatusProvider - Disabled plugins: []
Jul-08 13:33:18.884 [main] INFO  org.pf4j.DefaultPluginManager - PF4J version 3.10.0 in 'deployment' mode
Jul-08 13:33:18.897 [main] INFO  org.pf4j.AbstractPluginManager - No plugins
Jul-08 13:33:18.918 [main] DEBUG nextflow.config.ConfigBuilder - Found config local: /home/cdcadmin/localpoppunk-final-fixed/nextflow.config
Jul-08 13:33:18.921 [main] DEBUG nextflow.config.ConfigBuilder - Parsing config file: /home/cdcadmin/localpoppunk-final-fixed/nextflow.config
Jul-08 13:33:18.946 [main] DEBUG n.secret.LocalSecretsProvider - Secrets store: /home/cdcadmin/.nextflow/secrets/store.json
Jul-08 13:33:18.949 [main] DEBUG nextflow.secret.SecretsLoader - Discovered secrets providers: [nextflow.secret.LocalSecretsProvider@267bbe1a] - activable => nextflow.secret.LocalSecretsProvider@267bbe1a
Jul-08 13:33:18.960 [main] DEBUG nextflow.config.ConfigBuilder - Applying config profile: `dgx_a100`
Jul-08 13:33:19.754 [main] DEBUG nextflow.config.ConfigBuilder - Available config profiles: [bus_error_prevention, large_dataset_optimized, ultra_bus_error_prevention, dgx_a100_conservative, dgx_a100, local]
Jul-08 13:33:19.793 [main] DEBUG nextflow.cli.CmdRun - Applied DSL=2 from script declaration
Jul-08 13:33:19.814 [main] DEBUG nextflow.cli.CmdRun - Launching `poppunk_subsample_snp.nf` [clever_ritchie] DSL2 - revision: 85818b1711
Jul-08 13:33:19.816 [main] WARN  nextflow.cli.CmdRun - Nextflow variables must be defined in the launching environment - The following variable set in the config file is going to be ignored: 'NXF_OPTS'
Jul-08 13:33:19.817 [main] DEBUG nextflow.plugin.PluginsFacade - Plugins default=[]
Jul-08 13:33:19.818 [main] DEBUG nextflow.plugin.PluginsFacade - Plugins resolved requirement=[]
Jul-08 13:33:19.873 [main] DEBUG nextflow.Session - Session UUID: c1be04fb-78b9-4c60-90af-3046e3c7923a
Jul-08 13:33:19.873 [main] DEBUG nextflow.Session - Run name: clever_ritchie
Jul-08 13:33:19.874 [main] DEBUG nextflow.Session - Executor pool size: 128
Jul-08 13:33:19.881 [main] DEBUG nextflow.file.FilePorter - File porter settings maxRetries=3; maxTransfers=50; pollTimeout=null
Jul-08 13:33:19.887 [main] DEBUG nextflow.util.ThreadPoolBuilder - Creating thread pool 'FileTransfer' minSize=10; maxSize=384; workQueue=LinkedBlockingQueue[10000]; allowCoreThreadTimeout=false
Jul-08 13:33:19.905 [main] DEBUG nextflow.cli.CmdRun - 
  Version: 24.04.3 build 5916
  Created: 09-07-2024 19:35 UTC (10-07-2024 02:35 ICST)
  System: Linux 5.15.0-143-generic
  Runtime: Groovy 4.0.21 on OpenJDK 64-Bit Server VM 17.0.10+7
  Encoding: UTF-8 (UTF-8)
  Process: 2901098@dgx-a100 [192.168.1.11]
  CPUs: 128 - Mem: 503.7 GB (131.2 GB) - Swap: 0 (0)
Jul-08 13:33:19.928 [main] DEBUG nextflow.Session - Work-dir: /home/cdcadmin/localpoppunk-final-fixed/work [ext2/ext3]
Jul-08 13:33:19.929 [main] DEBUG nextflow.Session - Script base path does not exist or is not a directory: /home/cdcadmin/localpoppunk-final-fixed/bin
Jul-08 13:33:19.937 [main] DEBUG nextflow.executor.ExecutorFactory - Extension executors providers=[]
Jul-08 13:33:19.946 [main] DEBUG nextflow.Session - Observer factory: DefaultObserverFactory
Jul-08 13:33:20.006 [main] DEBUG nextflow.cache.CacheFactory - Using Nextflow cache factory: nextflow.cache.DefaultCacheFactory
Jul-08 13:33:20.016 [main] DEBUG nextflow.util.CustomThreadPool - Creating default thread pool > poolSize: 129; maxThreads: 1000
Jul-08 13:33:20.076 [main] DEBUG nextflow.Session - Session start
Jul-08 13:33:20.079 [main] DEBUG nextflow.trace.TraceFileObserver - Workflow started -- trace file: /home/cdcadmin/Downloads/bp_contextual_samples/poppunk_results/reports/dgx_a100_trace.txt
Jul-08 13:33:20.303 [main] DEBUG nextflow.script.ScriptRunner - Parsed script files:
Jul-08 13:33:20.311 [main] ERROR nextflow.cli.Launcher - Script compilation error
- file : /home/cdcadmin/localpoppunk-final-fixed/poppunk_subsample_snp.nf
- cause: Unexpected input: '{' @ line 298, column 23.
   process POPPUNK_MODEL {
                         ^

1 error

NOTE: If this is the beginning of a process or workflow, there may be a syntax error in the body, such as a missing or extra comma, for which a more specific error message could not be produced.
nextflow.exception.ScriptCompilationException: Script compilation error
- file : /home/cdcadmin/localpoppunk-final-fixed/poppunk_subsample_snp.nf
- cause: Unexpected input: '{' @ line 298, column 23.
   process POPPUNK_MODEL {
                         ^

1 error

NOTE: If this is the beginning of a process or workflow, there may be a syntax error in the body, such as a missing or extra comma, for which a more specific error message could not be produced.
	at nextflow.script.ScriptParser.parse0(ScriptParser.groovy:196)
	at nextflow.script.ScriptParser.parse(ScriptParser.groovy:206)
	at nextflow.script.ScriptRunner.parseScript(ScriptRunner.groovy:229)
	at nextflow.script.ScriptRunner.execute(ScriptRunner.groovy:136)
	at nextflow.cli.CmdRun.run(CmdRun.groovy:372)
	at nextflow.cli.Launcher.run(Launcher.groovy:503)
	at nextflow.cli.Launcher.main(Launcher.groovy:657)
Caused by: org.codehaus.groovy.control.MultipleCompilationErrorsException: startup failed:
Script_9831282335e4fe14: 298: Unexpected input: '{' @ line 298, column 23.
   process POPPUNK_MODEL {
                         ^

1 error

	at org.codehaus.groovy.control.ErrorCollector.failIfErrors(ErrorCollector.java:292)
	at org.codehaus.groovy.control.ErrorCollector.addFatalError(ErrorCollector.java:148)
	at org.apache.groovy.parser.antlr4.AstBuilder.collectSyntaxError(AstBuilder.java:4753)
	at org.apache.groovy.parser.antlr4.AstBuilder.access$100(AstBuilder.java:169)
	at org.apache.groovy.parser.antlr4.AstBuilder$3.syntaxError(AstBuilder.java:4764)
	at groovyjarjarantlr4.v4.runtime.ProxyErrorListener.syntaxError(ProxyErrorListener.java:44)
	at groovyjarjarantlr4.v4.runtime.Parser.notifyErrorListeners(Parser.java:543)
	at groovyjarjarantlr4.v4.runtime.DefaultErrorStrategy.notifyErrorListeners(DefaultErrorStrategy.java:154)
	at org.apache.groovy.parser.antlr4.internal.DescriptiveErrorStrategy.reportInputMismatch(DescriptiveErrorStrategy.java:104)
	at org.apache.groovy.parser.antlr4.internal.DescriptiveErrorStrategy.recover(DescriptiveErrorStrategy.java:55)
	at org.apache.groovy.parser.antlr4.internal.DescriptiveErrorStrategy.recoverInline(DescriptiveErrorStrategy.java:68)
	at groovyjarjarantlr4.v4.runtime.Parser.match(Parser.java:213)
	at org.apache.groovy.parser.antlr4.GroovyParser.compilationUnit(GroovyParser.java:368)
	at org.apache.groovy.parser.antlr4.AstBuilder.buildCST(AstBuilder.java:243)
	at org.apache.groovy.parser.antlr4.AstBuilder.buildCST(AstBuilder.java:221)
	at org.apache.groovy.parser.antlr4.AstBuilder.buildAST(AstBuilder.java:262)
	at org.apache.groovy.parser.antlr4.Antlr4ParserPlugin.buildAST(Antlr4ParserPlugin.java:58)
	at org.codehaus.groovy.control.SourceUnit.buildAST(SourceUnit.java:256)
	at java.base/java.util.Iterator.forEachRemaining(Iterator.java:133)
	at java.base/java.util.Spliterators$IteratorSpliterator.forEachRemaining(Spliterators.java:1845)
	at java.base/java.util.stream.ReferencePipeline$Head.forEach(ReferencePipeline.java:762)
	at org.codehaus.groovy.control.CompilationUnit.compile(CompilationUnit.java:663)
	at groovy.lang.GroovyClassLoader.doParseClass(GroovyClassLoader.java:373)
	at groovy.lang.GroovyClassLoader.lambda$parseClass$2(GroovyClassLoader.java:316)
	at org.codehaus.groovy.runtime.memoize.StampedCommonCache.compute(StampedCommonCache.java:163)
	at org.codehaus.groovy.runtime.memoize.StampedCommonCache.getAndPut(StampedCommonCache.java:154)
	at groovy.lang.GroovyClassLoader.parseClass(GroovyClassLoader.java:314)
	at groovy.lang.GroovyShell.parseClass(GroovyShell.java:572)
	at groovy.lang.GroovyShell.parse(GroovyShell.java:585)
	at groovy.lang.GroovyShell.parse(GroovyShell.java:639)
	at groovy.lang.GroovyShell.parse(GroovyShell.java:643)
	at nextflow.script.ScriptParser.parse0(ScriptParser.groovy:175)
	... 6 common frames omitted
